app/build/intermediates/manifest_merge_blame_file/debug/manifest-merger-blame-debug-report.txt
1<?xml version="1.0" encoding="utf-8"?>
2<manifest xmlns:android="http://schemas.android.com/apk/res/android"
3    package="com.example.ocr_api_test"
4    android:versionCode="1"
5    android:versionName="1.0" >
6
7    <uses-sdk
8        android:minSdkVersion="24"
8-->src\main\AndroidManifest.xml
9        android:targetSdkVersion="27" />
9-->src\main\AndroidManifest.xml
10
11    <uses-permission android:name="android.permission.INTERNET" />
11-->src\main\AndroidManifest.xml:5:5-67
11-->src\main\AndroidManifest.xml:5:22-64
12    <uses-permission android:name="android.permission.WRITE_EXTERNAL_STORAGE" />
12-->src\main\AndroidManifest.xml:6:5-81
12-->src\main\AndroidManifest.xml:6:22-78
13    <uses-permission android:name="android.permission.READ_EXTERNAL_STORAGE" />
13-->src\main\AndroidManifest.xml:7:5-80
13-->src\main\AndroidManifest.xml:7:22-77
14    <uses-permission android:name="android.permission.CAMERA" />
14-->src\main\AndroidManifest.xml:8:5-65
14-->src\main\AndroidManifest.xml:8:22-62
15
16    <application
16-->src\main\AndroidManifest.xml:10:5-42:19
17        android:allowBackup="true"
17-->src\main\AndroidManifest.xml:11:9-35
18        android:debuggable="true"
19        android:extractNativeLibs="false"
20        android:icon="@mipmap/ic_main_gray"
20-->src\main\AndroidManifest.xml:12:9-44
21        android:label="@string/app_name"
21-->src\main\AndroidManifest.xml:13:9-41
22        android:roundIcon="@mipmap/ic_main_gray"
22-->src\main\AndroidManifest.xml:14:9-49
23        android:supportsRtl="true"
23-->src\main\AndroidManifest.xml:15:9-35
24        android:testOnly="true"
25        android:theme="@style/AppTheme" >
25-->src\main\AndroidManifest.xml:16:9-40
26        <activity android:name="com.example.ocr_api_test.Pictures" />
26-->src\main\AndroidManifest.xml:17:9-46
26-->src\main\AndroidManifest.xml:17:19-43
27        <activity
27-->src\main\AndroidManifest.xml:18:9-26:20
28            android:name="com.example.ocr_api_test.Intro"
28-->src\main\AndroidManifest.xml:19:13-34
29            android:theme="@style/AppTheme" >
29-->src\main\AndroidManifest.xml:20:13-44
30            <intent-filter>
30-->src\main\AndroidManifest.xml:21:13-25:29
31                <action android:name="android.intent.action.MAIN" />
31-->src\main\AndroidManifest.xml:22:17-69
31-->src\main\AndroidManifest.xml:22:25-66
32
33                <category android:name="android.intent.category.LAUNCHER" />
33-->src\main\AndroidManifest.xml:24:17-77
33-->src\main\AndroidManifest.xml:24:27-74
34            </intent-filter>
35        </activity>
36        <activity android:name="com.example.ocr_api_test.MainActivity" />
36-->src\main\AndroidManifest.xml:27:9-50
36-->src\main\AndroidManifest.xml:27:19-47
37        <activity android:name="com.example.ocr_api_test.camera.CameraActivity" />
37-->src\main\AndroidManifest.xml:28:9-59
37-->src\main\AndroidManifest.xml:28:19-56
38        <activity android:name="com.example.ocr_api_test.TutorialActivity" />
38-->src\main\AndroidManifest.xml:30:9-53
38-->src\main\AndroidManifest.xml:30:19-51
39        <activity android:name="com.example.ocr_api_test.ShowInventors" />
39-->src\main\AndroidManifest.xml:31:9-50
39-->src\main\AndroidManifest.xml:31:19-48
40
41        <provider
42            android:name="android.support.v4.content.FileProvider"
42-->src\main\AndroidManifest.xml:34:13-67
43            android:authorities="com.example.ocr_api_test.provider"
43-->src\main\AndroidManifest.xml:35:13-60
44            android:exported="false"
44-->src\main\AndroidManifest.xml:36:13-37
45            android:grantUriPermissions="true" >
45-->src\main\AndroidManifest.xml:37:13-47
46            <meta-data
46-->src\main\AndroidManifest.xml:38:13-40:58
47                android:name="android.support.FILE_PROVIDER_PATHS"
47-->src\main\AndroidManifest.xml:39:17-67
48                android:resource="@xml/provider_paths" />
48-->src\main\AndroidManifest.xml:40:17-55
49        </provider>
50    </application>
51
52</manifest>